<?xml version="1.0" encoding="UTF-8"?>
<!-- Generated by org.testng.reporters.JUnitXMLReporter -->
<testsuite ignored="0" hostname="avd-prd-vms-195" failures="0" tests="4" name="Prepaid Flow" time="10.478" errors="0" timestamp="2026-02-10T17:43:36 IST">
  <testcase classname="KPN_Automation.Regression_suite_Prepaid" name="CreateAccount" time="9.147"/>
  <testcase classname="KPN_Automation.Regression_suite_Prepaid" name="TopupBalance" time="0.621"/>
  <testcase classname="KPN_Automation.Regression_suite_Prepaid" name="ChangeOffering_AddCO" time="0.296"/>
  <testcase classname="KPN_Automation.Regression_suite_Prepaid" name="SimSwap_ChangeServiceAttribute" time="0.147"/>
</testsuite> <!-- Prepaid Flow -->
