<?xml version="1.0" encoding="UTF-8"?>
<!-- Generated by org.testng.reporters.JUnitXMLReporter -->
<testsuite ignored="0" hostname="avd-prd-vms-271" failures="3" tests="26" name="Test_suites" time="395.917" errors="0" timestamp="2026-05-22T12:12:15 IST">
  <testcase classname="KPNAutomation.RegressionsuitePrepaid" name="CreateAccount" time="8.298"/>
  <testcase classname="KPNAutomation.RegressionsuitePrepaid" name="TopupBalance" time="21.371"/>
  <testcase classname="KPNAutomation.RegressionsuitePrepaid" name="AddOffering" time="26.143"/>
  <testcase classname="KPNAutomation.RegressionsuitePrepaid" name="SimSwap_ChangeServiceAttribute" time="18.884"/>
  <testcase classname="KPNAutomation.RegressionsuitePrepaid" name="AdjustAccount" time="0.214"/>
  <testcase classname="KPNAutomation.RegressionsuitePrepaid" name="UpdateProfile" time="19.435"/>
  <testcase classname="KPNAutomation.RegressionsuitePrepaid" name="ChangeCreditLimit" time="10.777"/>
  <testcase classname="KPNAutomation.RegressionsuitePrepaid" name="BalanceTransfer" time="19.053"/>
  <testcase classname="KPNAutomation.RegressionsuitePrepaid" name="KPN_PAY_CREATE" time="18.964"/>
  <testcase classname="KPNAutomation.RegressionsuitePrepaid" name="KPN_PAY_REFUND" time="18.636"/>
  <testcase classname="KPNAutomation.RegressionsuitePrepaid" name="TopupBalance_WithVoucher_SMS" time="0.15">
    <failure type="java.lang.AssertionError" message="1 expectation failed.
Expected status code &amp;lt;201&amp;gt; but was &amp;lt;400&amp;gt;.
">
      <![CDATA[java.lang.AssertionError: 1 expectation failed.
Expected status code <201> but was <400>.

at org.codehaus.groovy.runtime.callsite.ConstructorSite$ConstructorSiteNoUnwrapNoCoerce.callConstructor(ConstructorSite.java:108)
at org.codehaus.groovy.runtime.callsite.CallSiteArray.defaultCallConstructor(CallSiteArray.java:57)
at org.codehaus.groovy.runtime.callsite.AbstractCallSite.callConstructor(AbstractCallSite.java:263)
at org.codehaus.groovy.runtime.callsite.AbstractCallSite.callConstructor(AbstractCallSite.java:277)
at io.restassured.internal.ResponseSpecificationImpl$HamcrestAssertionClosure.validate(ResponseSpecificationImpl.groovy:512)
at io.restassured.internal.ResponseSpecificationImpl$HamcrestAssertionClosure$validate$1.call(Unknown Source)
at io.restassured.internal.ResponseSpecificationImpl.validateResponseIfRequired(ResponseSpecificationImpl.groovy:696)
at io.restassured.internal.ResponseSpecificationImpl.this$2$validateResponseIfRequired(ResponseSpecificationImpl.groovy)
at org.codehaus.groovy.runtime.callsite.PlainObjectMetaMethodSite.doInvoke(PlainObjectMetaMethodSite.java:43)
at org.codehaus.groovy.runtime.callsite.PogoMetaMethodSite$PogoCachedMethodSiteNoUnwrapNoCoerce.invoke(PogoMetaMethodSite.java:198)
at org.codehaus.groovy.runtime.callsite.PogoMetaMethodSite.callCurrent(PogoMetaMethodSite.java:62)
at org.codehaus.groovy.runtime.callsite.AbstractCallSite.callCurrent(AbstractCallSite.java:185)
at io.restassured.internal.ResponseSpecificationImpl.statusCode(ResponseSpecificationImpl.groovy:135)
at io.restassured.specification.ResponseSpecification$statusCode$0.callCurrent(Unknown Source)
at io.restassured.internal.ResponseSpecificationImpl.statusCode(ResponseSpecificationImpl.groovy:143)
at io.restassured.internal.ValidatableResponseOptionsImpl.statusCode(ValidatableResponseOptionsImpl.java:89)
at KPNAutomation.RegressionsuitePrepaid.TopupBalance_WithVoucher_SMS(RegressionsuitePrepaid.java:1583)
at java.base/java.util.ArrayList.forEach(ArrayList.java:1596)
... Removed 35 stack frames]]>
    </failure>
  </testcase> <!-- TopupBalance_WithVoucher_SMS -->
  <testcase classname="KPNAutomation.RegressionsuitePrepaid" name="ChangeOffering_AddDiscount_RemoveCharge" time="1.034"/>
  <testcase classname="KPNAutomation.RegressionsuitePrepaid" name="GetBundleBalance" time="0.356"/>
  <testcase classname="KPNAutomation.RegressionsuitePrepaid" name="GetOffering" time="0.112"/>
  <testcase classname="KPNAutomation.RegressionsuitePrepaid" name="GetTopupHistory" time="0.434"/>
  <testcase classname="KPNAutomation.RegressionsuitePrepaid" name="GetAccountHierarchy_MSISDN" time="0.11"/>
  <testcase classname="KPNAutomation.RegressionsuitePrepaid" name="BadPinCounter" time="8.642"/>
  <testcase classname="KPNAutomation.RegressionsuitePrepaid" name="GetKpnPay" time="16.323">
    <failure type="java.lang.AssertionError" message="Usage type mismatch in response! Expected KPN_PAY but found: KPN_REFUND expected [KPN_PAY] but found [KPN_REFUND]">
      <![CDATA[java.lang.AssertionError: Usage type mismatch in response! Expected KPN_PAY but found: KPN_REFUND expected [KPN_PAY] but found [KPN_REFUND]
at KPNAutomation.RegressionsuitePrepaid.GetKpnPay(RegressionsuitePrepaid.java:2042)
at java.base/java.util.ArrayList.forEach(ArrayList.java:1596)
... Removed 34 stack frames]]>
    </failure>
  </testcase> <!-- GetKpnPay -->
  <testcase classname="KPNAutomation.RegressionsuitePrepaid" name="coinnumberaddition" time="15.649"/>
  <testcase classname="KPNAutomation.RegressionsuitePrepaid" name="GetPrepaidAccount_MSISDN" time="15.125"/>
  <testcase classname="KPNAutomation.RegressionsuitePrepaid" name="GetProfileInfo" time="15.159"/>
  <testcase classname="KPNAutomation.RegressionsuitePrepaid" name="GetUsagecdr" time="35.611">
    <failure type="java.lang.AssertionError" message="API failed after retries -&amp;gt; GetUsagecdr">
      <![CDATA[java.lang.AssertionError: API failed after retries -> GetUsagecdr
at KPNAutomation.ApiRetry.run(ApiRetry.java:40)
at KPNAutomation.ApiRetry.run(ApiRetry.java:15)
at KPNAutomation.RegressionsuitePrepaid.GetUsagecdr(RegressionsuitePrepaid.java:2278)
at java.base/java.util.ArrayList.forEach(ArrayList.java:1596)
Caused by: java.lang.AssertionError: 1 expectation failed.
Expected status code <200> but was <400>.

at org.codehaus.groovy.runtime.callsite.ConstructorSite$ConstructorSiteNoUnwrapNoCoerce.callConstructor(ConstructorSite.java:108)
at org.codehaus.groovy.runtime.callsite.AbstractCallSite.callConstructor(AbstractCallSite.java:277)
at io.restassured.internal.ResponseSpecificationImpl$HamcrestAssertionClosure.validate(ResponseSpecificationImpl.groovy:512)
at io.restassured.internal.ResponseSpecificationImpl$HamcrestAssertionClosure$validate$1.call(Unknown Source)
at io.restassured.internal.ResponseSpecificationImpl.validateResponseIfRequired(ResponseSpecificationImpl.groovy:696)
at io.restassured.internal.ResponseSpecificationImpl.this$2$validateResponseIfRequired(ResponseSpecificationImpl.groovy)
at org.codehaus.groovy.runtime.callsite.PlainObjectMetaMethodSite.doInvoke(PlainObjectMetaMethodSite.java:43)
at org.codehaus.groovy.runtime.callsite.PogoMetaMethodSite$PogoCachedMethodSiteNoUnwrapNoCoerce.invoke(PogoMetaMethodSite.java:198)
at org.codehaus.groovy.runtime.callsite.PogoMetaMethodSite.callCurrent(PogoMetaMethodSite.java:62)
at org.codehaus.groovy.runtime.callsite.AbstractCallSite.callCurrent(AbstractCallSite.java:185)
at io.restassured.internal.ResponseSpecificationImpl.statusCode(ResponseSpecificationImpl.groovy:135)
at io.restassured.specification.ResponseSpecification$statusCode$0.callCurrent(Unknown Source)
at io.restassured.internal.ResponseSpecificationImpl.statusCode(ResponseSpecificationImpl.groovy:143)
at io.restassured.internal.ValidatableResponseOptionsImpl.statusCode(ValidatableResponseOptionsImpl.java:89)
at KPNAutomation.RegressionsuitePrepaid.lambda$GetUsagecdr$15(RegressionsuitePrepaid.java:2291)
at KPNAutomation.ApiRetry.run(ApiRetry.java:28)
... 32 more
... Removed 36 stack frames]]>
    </failure>
  </testcase> <!-- GetUsagecdr -->
  <testcase classname="KPNAutomation.RegressionsuitePrepaid" name="GetBillingAccount" time="15.145"/>
  <testcase classname="KPNAutomation.RegressionsuitePrepaid" name="ChangeAddressCustomer" time="36.959"/>
  <testcase classname="KPNAutomation.RegressionsuitePrepaid" name="UpdateServiceStatus" time="35.657"/>
  <testcase classname="KPNAutomation.RegressionsuitePrepaid" name="UpdateAccountStatus" time="35.898"/>
</testsuite> <!-- Test_suites -->
