<?xml version="1.0" encoding="UTF-8"?>
<testsuite xmlns:xsi="http://www.w3.org/2001/XMLSchema-instance" xsi:noNamespaceSchemaLocation="https://maven.apache.org/surefire/maven-surefire-plugin/xsd/surefire-test-report-3.0.xsd" version="3.0" name="TestSuite" time="397.357" tests="26" errors="0" skipped="0" failures="3">
  <properties>
[...]
</properties>
  <testcase name="CreateAccount" classname="KPNAutomation.RegressionsuitePrepaid" time="8.245">
    <system-out><![CDATA[Request method:	POST
Request URI:	http://localhost:1119/api/events
Proxy:			<none>
Request params:	<none>
Query params:	<none>
Form params:	<none>
Path params:	<none>
Headers:		Accept=*/*
				kpn.event.schema.name=SimPreActivationV1
				kpn.source.system.id=whole-seller-id
				kpn.source.interaction.id=
				User-Agent=PostmanRuntime/7.43.0
				Accept-Encoding=gzip, deflate, br
				Connection=keep-alive
				kpn.event.id=000000021
				kpn-event-type=dbssrm.sim_preactivation_request
				schema-id=dbssrm/sim_preactivation_request/v0.0.1/schema.avsc
				kpn-specversion=2.0
				Content-Type=application/json
Cookies:		<none>
Multiparts:		<none>
Body:
{
    "locale": "en_US",
    "businessType": "3",
    "services": [
        {
            "serviceType": "/service/telco/gsm",
            "serviceKey": {
                "string": "service-id1779431742"
            },
            "customizedBundles": [
                {
                    "customizedChargeOffers": [
                        {
                            "name": "KPN Prepaid",
                            "description": "",
                            "quantity": 1,
                            "status": 1,
                            "baseChargeOfferRef": {
                                "id": "kpn_prepaid_001"
                            },
                            "purchaseStart": {
                                "startDate": {
                                    "string": "2026-03-16T10:43:32.914705300+01:00"
                                }
                            },
                            "purchaseEnd": {
                                "endDate": {
                                    "string": "2027-03-16T10:43:32.914949458+01:00"
                                }
                            },
                            "overriddenCharges": [
                                {
                                    "event": "KP1773654208844803-0001"
                                }
                            ]
                        },
                        {
                            "name": "KPN Prepaid Initial Balance",
                            "description": "",
                            "quantity": 1,
                            "status": 1,
                            "baseChargeOfferRef": {
                                "id": "kpn_prepaid_initial_balance_5_001"
                            },
                            "purchaseStart": {
                                "startDate": {
                                    "string": "2026-03-16T10:43:32.914705300+01:00"
                                }
                            },
                            "purchaseEnd": {
                                "endDate": {
                                    "string": "2027-03-16T10:43:32.914949458+01:00"
                                }
                            },
                            "overriddenCharges": [
                                {
                                    "event": "KP177364654208844803-0001"
                                }
                            ]
                        },
                        {
                            "name": "KPN Prepaid tarif",
                            "description": "",
                            "quantity": 1,
                            "status": 1,
                            "baseChargeOfferRef": {
                                "id": "kpn_prepaid_basis_2021_001"
                            },
                            "purchaseStart": {
                                "startDate": {
                                    "string": "2026-03-16T10:43:32.914705300+01:00"
                                }
                            },
                            "purchaseEnd": {
                                "endDate": {
                                    "string": "2027-03-16T10:43:32.914949458+01:00"
                                }
                            },
                            "overriddenCharges": [
                                {
                                    "event": "KP1773654208856444803-0001"
                                }
                            ]
                        }
                    ]
                }
            ]
        }
    ],
    "extension": {
        "caAccountId": null,
        "baAccountId": null,
        "saAccountId": null,
        "accountType": "3",
        "accountTag": "Prepaid",
        "description": "PREACTIVATION_EVENT",
        "kpnBrandId": "201",
        "kpnTaxExempt": null,
        "kpnTaxRevers": null,
        "kpnTaxNo": null,
        "services": [
            {
                "serviceKey": null,
                "aliasList": [
                    {
                        "name": "MSISDN1",
                        "value": "311779431742"
                    },
                    {
                        "name": "ICCID1",
                        "value": "101779431742"
                    },
                    {
                        "name": "IMSI1",
                        "value": "201779431742"
                    }
                ]
            }
        ],
        "profile": {
            "subscriberPreference": [
                {
                    "name": "EARLIEST_ACTIVATION_TIME",
                    "value": "2026-01-01T00:00:00",
                    "subscriberPreferenceId": null
                },
                {
                    "name": "LATEST_ACTIVATION_TIME",
                    "value": "2026-01-01T00:00:00",
                    "subscriberPreferenceId": null
                }
            ]
        }
    }
}
HTTP/1.1 200 
kpn.source.interaction.id: 02f81e583a7449ba82932e124a8e27cb
Content-Type: text/plain;charset=UTF-8
Content-Length: 80
Date: Fri, 22 May 2026 06:35:44 GMT
Keep-Alive: timeout=60
Connection: keep-alive

Event sent successfully to Kafka. interactionId 02f81e583a7449ba82932e124a8e27cb
Fetching Service account_obj_id0 from DB  = 120894762
Customer Account: CA120896202
Billing_account: BA120896458
Service_account: SA120894762
]]></system-out>
    <system-err><![CDATA[SLF4J: Failed to load class "org.slf4j.impl.StaticLoggerBinder".
SLF4J: Defaulting to no-operation (NOP) logger implementation
SLF4J: See http://www.slf4j.org/codes.html#StaticLoggerBinder for further details.
]]></system-err>
  </testcase>
  <testcase name="TopupBalance" classname="KPNAutomation.RegressionsuitePrepaid" time="21.368">
    <system-out><![CDATA[Retrying Topup | attempt 1
Request method:	POST
Request URI:	https://st.dbss-rm.oci-np.kpn.org/brm/extn/prepayBalanceManagement/v4/topupBalance
Proxy:			<none>
Request params:	<none>
Query params:	<none>
Form params:	<none>
Path params:	<none>
Headers:		X-Interaction-Id=dase543553aa
				Accept=*/*
				Content-Type=application/json
Cookies:		<none>
Multiparts:		<none>
Body:
{
    "description": "201",
    "channel": {
        "name": "SMS",
        "id": "SMS_01"
    },
    "usageType": "978",
    "relatedParty": [
        {
            "id": "12222-99888-9999"
        }
    ],
    "amount": {
        "amount": 100,
        "units": "EUR"
    },
    "logicalResource": {
        "id": "311779431742",
        "name": "MSISDN1"
    }
}
]]></system-out>
  </testcase>
  <testcase name="AddOffering" classname="KPNAutomation.RegressionsuitePrepaid" time="26.139">
    <system-out><![CDATA[Retrying AddOffering | attempt 1
]]></system-out>
  </testcase>
  <testcase name="SimSwap_ChangeServiceAttribute" classname="KPNAutomation.RegressionsuitePrepaid" time="18.879">
    <system-out><![CDATA[Retrying SimSwap_ChangeServiceAttribute | attempt 1
]]></system-out>
  </testcase>
  <testcase name="AdjustAccount" classname="KPNAutomation.RegressionsuitePrepaid" time="0.211">
    <system-out><![CDATA[Request method:	POST
Request URI:	https://st.dbss-rm.oci-np.kpn.org/bcws/webresources/v1.0/custom/adjustAccount
Proxy:			<none>
Request params:	<none>
Query params:	<none>
Form params:	<none>
Path params:	<none>
Headers:		Accept=application/json
				X-Interaction-Id=dase543553aa
				Cookie=nginxingresscookie=93d5530647235dde23fdfa121cfca531|6f56107e206dbfb962b8bcaf43728f23
				Content-Type=application/json
Cookies:		<none>
Multiparts:		<none>
Body:
{
    "extension": {
        "billWhen": 0,
        "balanceType": "KPN_Prepaid_Initial_Balance",
        "reasonCode": "one-off service",
        "invoiceText": "Adjusted with Bill"
    },
    "effective": "2026-05-22T06:36:55.307607800Z",
    "amountIsCredit": true,
    "notes": {
        "serviceId": "311779431742",
        "comments": [
            {
                "comment": ""
            }
        ]
    },
    "amount": 1.0,
    "includeTax": false
}
]]></system-out>
  </testcase>
  <testcase name="UpdateProfile" classname="KPNAutomation.RegressionsuitePrepaid" time="19.432">
    <system-out><![CDATA[Retrying UpdateProfile | attempt 1
]]></system-out>
  </testcase>
  <testcase name="ChangeCreditLimit" classname="KPNAutomation.RegressionsuitePrepaid" time="10.774">
    <system-out><![CDATA[Retrying ChangeCreditLimit | attempt 1
]]></system-out>
  </testcase>
  <testcase name="BalanceTransfer" classname="KPNAutomation.RegressionsuitePrepaid" time="19.015">
    <system-out><![CDATA[Retrying BalanceTransfer | attempt 1
]]></system-out>
  </testcase>
  <testcase name="KPN_PAY_CREATE" classname="KPNAutomation.RegressionsuitePrepaid" time="18.955">
    <system-out><![CDATA[Retrying KPN_PAY_CREATE | attempt 1
----- KPN PAY CREATE RESPONSE START -----
{
    "id": "362311071705692222",
    "href": "",
    "description": "Transaction_PP011225_1",
    "usageDate": "2026-05-22T06:37:53",
    "usageType": "KPN_PAY",
    "ratedProductUsage": [
        {
            "isBilled": null,
            "isTaxExempt": null,
            "offerTariffType": null,
            "ratingAmountType": null,
            "ratingDate": null,
            "taxRate": null,
            "usageRatingTag": null,
            "bucketValueConvertedInAmount": null,
            "productRef": {
                "id": "Google",
                "href": null,
                "name": "KPN PAY Google store Downloads",
                "@baseType": null,
                "@schemaLocation": null,
                "@type": null,
                "@referredType": null
            },
            "taxExcludedRatingAmount": null,
            "taxIncludedRatingAmount": {
                "id": null,
                "href": null,
                "unit": "EUR",
                "value": 2.0,
                "@baseType": null,
                "@schemaLocation": null,
                "@type": null
            },
            "@baseType": null,
            "@schemaLocation": null,
            "@type": null
        }
    ],
    "relatedParty": [
        {
            "id": "SA120894762",
            "@referredType": "ServiceAccount",
            "href": null,
            "name": null,
            "role": "ServiceAccount",
            "@baseType": null,
            "@schemaLocation": null,
            "@type": null
        }
    ],
    "status": "0",
    "usageCharacteristic": [
        {
            "name": "requestId",
            "value": "77777",
            "id": null,
            "valueType": null,
            "characteristicRelationship": [
                
            ],
            "@baseType": null,
            "@schemaLocation": null,
            "@type": null
        },
        {
            "name": "dbssTransactionId",
            "value": "362311071705692222",
            "id": null,
            "valueType": null,
            "characteristicRelationship": [
                
            ],
            "@baseType": null,
            "@schemaLocation": null,
            "@type": null
        },
        {
            "name": "status",
            "value": "0",
            "id": null,
            "valueType": null,
            "characteristicRelationship": [
                
            ],
            "@baseType": null,
            "@schemaLocation": null,
            "@type": null
        }
    ],
    "usageSpecification": {
        "id": null,
        "href": null,
        "name": null,
        "@baseType": null,
        "@schemaLocation": null,
        "@type": null,
        "@referredType": null
    },
    "@baseType": "",
    "@schemaLocation": "",
    "@type": ""
}
----- KPN PAY CREATE RESPONSE END -----
]]></system-out>
  </testcase>
  <testcase name="KPN_PAY_REFUND" classname="KPNAutomation.RegressionsuitePrepaid" time="18.627">
    <system-out><![CDATA[Retrying KPNPAY_REFUND | attempt 1
----- KPN PAY REFUND RESPONSE START -----
{
    "id": "362311071705752068",
    "href": "",
    "description": "Refund for Transaction_PP011225_1",
    "usageDate": "2026-05-22T06:38:12",
    "usageType": "KPN_REFUND",
    "ratedProductUsage": [
        {
            "isBilled": null,
            "isTaxExempt": null,
            "offerTariffType": null,
            "ratingAmountType": null,
            "ratingDate": null,
            "taxRate": null,
            "usageRatingTag": null,
            "bucketValueConvertedInAmount": null,
            "productRef": {
                "id": "Apple",
                "href": null,
                "name": "KPN PAY Apple store Downloads",
                "@baseType": null,
                "@schemaLocation": null,
                "@type": null,
                "@referredType": null
            },
            "taxExcludedRatingAmount": null,
            "taxIncludedRatingAmount": {
                "id": null,
                "href": null,
                "unit": "EUR",
                "value": 1.0,
                "@baseType": null,
                "@schemaLocation": null,
                "@type": null
            },
            "@baseType": null,
            "@schemaLocation": null,
            "@type": null
        }
    ],
    "relatedParty": [
        {
            "id": "SA120894762",
            "@referredType": "ServiceAccount",
            "href": null,
            "name": null,
            "role": "ServiceAccount",
            "@baseType": null,
            "@schemaLocation": null,
            "@type": null
        }
    ],
    "status": "0",
    "usageCharacteristic": [
        {
            "name": "requestId",
            "value": "88888",
            "id": null,
            "valueType": null,
            "characteristicRelationship": [
                
            ],
            "@baseType": null,
            "@schemaLocation": null,
            "@type": null
        },
        {
            "name": "dbssTransactionId",
            "value": "361273132651709351",
            "id": null,
            "valueType": null,
            "characteristicRelationship": [
                
            ],
            "@baseType": null,
            "@schemaLocation": null,
            "@type": null
        },
        {
            "name": "relatedRequestId",
            "value": "77777",
            "id": null,
            "valueType": null,
            "characteristicRelationship": [
                
            ],
            "@baseType": null,
            "@schemaLocation": null,
            "@type": null
        },
        {
            "name": "status",
            "value": "0",
            "id": null,
            "valueType": null,
            "characteristicRelationship": [
                
            ],
            "@baseType": null,
            "@schemaLocation": null,
            "@type": null
        }
    ],
    "usageSpecification": {
        "id": null,
        "href": null,
        "name": null,
        "@baseType": null,
        "@schemaLocation": null,
        "@type": null,
        "@referredType": null
    },
    "@baseType": "",
    "@schemaLocation": "",
    "@type": ""
}
----- KPN PAY REFUND RESPONSE END -----
]]></system-out>
  </testcase>
  <testcase name="TopupBalance_WithVoucher_SMS" classname="KPNAutomation.RegressionsuitePrepaid" time="0.152">
    <failure message="1 expectation failed.&#10;Expected status code &lt;201&gt; but was &lt;400&gt;.&#10;" type="java.lang.AssertionError"><![CDATA[java.lang.AssertionError: 
1 expectation failed.
Expected status code <201> but was <400>.

	at java.base/jdk.internal.reflect.DirectConstructorHandleAccessor.newInstance(DirectConstructorHandleAccessor.java:62)
	at java.base/java.lang.reflect.Constructor.newInstanceWithCaller(Constructor.java:502)
	at java.base/java.lang.reflect.Constructor.newInstance(Constructor.java:486)
	at org.codehaus.groovy.reflection.CachedConstructor.invoke(CachedConstructor.java:73)
	at org.codehaus.groovy.runtime.callsite.ConstructorSite$ConstructorSiteNoUnwrapNoCoerce.callConstructor(ConstructorSite.java:108)
	at org.codehaus.groovy.runtime.callsite.CallSiteArray.defaultCallConstructor(CallSiteArray.java:57)
	at org.codehaus.groovy.runtime.callsite.AbstractCallSite.callConstructor(AbstractCallSite.java:263)
	at org.codehaus.groovy.runtime.callsite.AbstractCallSite.callConstructor(AbstractCallSite.java:277)
	at io.restassured.internal.ResponseSpecificationImpl$HamcrestAssertionClosure.validate(ResponseSpecificationImpl.groovy:512)
	at io.restassured.internal.ResponseSpecificationImpl$HamcrestAssertionClosure$validate$1.call(Unknown Source)
	at io.restassured.internal.ResponseSpecificationImpl.validateResponseIfRequired(ResponseSpecificationImpl.groovy:696)
	at io.restassured.internal.ResponseSpecificationImpl.this$2$validateResponseIfRequired(ResponseSpecificationImpl.groovy)
	at java.base/jdk.internal.reflect.DirectMethodHandleAccessor.invoke(DirectMethodHandleAccessor.java:103)
	at java.base/java.lang.reflect.Method.invoke(Method.java:580)
	at org.codehaus.groovy.runtime.callsite.PlainObjectMetaMethodSite.doInvoke(PlainObjectMetaMethodSite.java:43)
	at org.codehaus.groovy.runtime.callsite.PogoMetaMethodSite$PogoCachedMethodSiteNoUnwrapNoCoerce.invoke(PogoMetaMethodSite.java:198)
	at org.codehaus.groovy.runtime.callsite.PogoMetaMethodSite.callCurrent(PogoMetaMethodSite.java:62)
	at org.codehaus.groovy.runtime.callsite.AbstractCallSite.callCurrent(AbstractCallSite.java:185)
	at io.restassured.internal.ResponseSpecificationImpl.statusCode(ResponseSpecificationImpl.groovy:135)
	at io.restassured.specification.ResponseSpecification$statusCode$0.callCurrent(Unknown Source)
	at io.restassured.internal.ResponseSpecificationImpl.statusCode(ResponseSpecificationImpl.groovy:143)
	at io.restassured.internal.ValidatableResponseOptionsImpl.statusCode(ValidatableResponseOptionsImpl.java:89)
	at KPNAutomation.RegressionsuitePrepaid.TopupBalance_WithVoucher_SMS(RegressionsuitePrepaid.java:1583)
	at java.base/jdk.internal.reflect.DirectMethodHandleAccessor.invoke(DirectMethodHandleAccessor.java:103)
	at java.base/java.lang.reflect.Method.invoke(Method.java:580)
	at org.testng.internal.invokers.MethodInvocationHelper.invokeMethod(MethodInvocationHelper.java:139)
	at org.testng.internal.invokers.TestInvoker.invokeMethod(TestInvoker.java:664)
	at org.testng.internal.invokers.TestInvoker.invokeTestMethod(TestInvoker.java:228)
	at org.testng.internal.invokers.MethodRunner.runInSequence(MethodRunner.java:63)
	at org.testng.internal.invokers.TestInvoker$MethodInvocationAgent.invoke(TestInvoker.java:961)
	at org.testng.internal.invokers.TestInvoker.invokeTestMethods(TestInvoker.java:201)
	at org.testng.internal.invokers.TestMethodWorker.invokeTestMethods(TestMethodWorker.java:148)
	at org.testng.internal.invokers.TestMethodWorker.run(TestMethodWorker.java:128)
	at java.base/java.util.ArrayList.forEach(ArrayList.java:1596)
	at org.testng.TestRunner.privateRun(TestRunner.java:819)
	at org.testng.TestRunner.run(TestRunner.java:619)
	at org.testng.SuiteRunner.runTest(SuiteRunner.java:443)
	at org.testng.SuiteRunner.runSequentially(SuiteRunner.java:437)
	at org.testng.SuiteRunner.privateRun(SuiteRunner.java:397)
	at org.testng.SuiteRunner.run(SuiteRunner.java:336)
	at org.testng.SuiteRunnerWorker.runSuite(SuiteRunnerWorker.java:52)
	at org.testng.SuiteRunnerWorker.run(SuiteRunnerWorker.java:95)
	at org.testng.TestNG.runSuitesSequentially(TestNG.java:1301)
	at org.testng.TestNG.runSuitesLocally(TestNG.java:1228)
	at org.testng.TestNG.runSuites(TestNG.java:1134)
	at org.testng.TestNG.run(TestNG.java:1101)
	at org.apache.maven.surefire.testng.TestNGExecutor.run(TestNGExecutor.java:308)
	at org.apache.maven.surefire.testng.TestNGXmlTestSuite.execute(TestNGXmlTestSuite.java:71)
	at org.apache.maven.surefire.testng.TestNGProvider.invoke(TestNGProvider.java:113)
	at org.apache.maven.surefire.booter.ForkedBooter.runSuitesInProcess(ForkedBooter.java:385)
	at org.apache.maven.surefire.booter.ForkedBooter.execute(ForkedBooter.java:162)
	at org.apache.maven.surefire.booter.ForkedBooter.run(ForkedBooter.java:507)
	at org.apache.maven.surefire.booter.ForkedBooter.main(ForkedBooter.java:495)
]]></failure>
    <system-out><![CDATA[Request method:	POST
Request URI:	https://st.dbss-rm.oci-np.kpn.org/brm/extn/prepayBalanceManagement/v4/topupBalance
Proxy:			<none>
Request params:	<none>
Query params:	<none>
Form params:	<none>
Path params:	<none>
Headers:		Accept=application/json
				kpn-interaction-id=123-un78dsdsdsd-sdsds
				Cookie=nginxingresscookie=0d70706d807ed83bd5d726961a21d4b0|8038bf2692513c815d85f28f02a6ef15
				Content-Type=application/json
Cookies:		<none>
Multiparts:		<none>
Body:
{
    "voucher": "2394905452474604",
    "description": "201",
    "channel": {
        "name": "SMS",
        "id": "SMS_01"
    },
    "usageType": "2000004",
    "relatedParty": [
        {
            "id": "12222-99888-9999"
        }
    ],
    "amount": {
        "amount": 60,
        "units": "EUR"
    },
    "logicalResource": {
        "id": "311779431742",
        "name": "MSISDN1"
    }
}
HTTP/1.1 400 Bad Request
Date: Fri, 22 May 2026 06:38:22 GMT
Content-Type: application/json
Content-Length: 229
Connection: keep-alive
Set-Cookie: nginxingresscookie=f70d14c157449530a0ac07f3ca865a42|8038bf2692513c815d85f28f02a6ef15; Path=/brm; Secure; HttpOnly
Access-Control-Allow-Credentials: true
Access-Control-Allow-Headers: *
Access-Control-Allow-Methods: GET, PATCH, POST, PUT, DELETE, OPTIONS, HEAD
Access-Control-Allow-Origin: *
kpn-interaction-id: 123-un78dsdsdsd-sdsds
Strict-Transport-Security: max-age=31536000; includeSubDomains

{
    "status": {
        "statusCode": "E440",
        "statusType": "Error",
        "statusDescription": "Mandatory field is missing in the request - X-Interaction-Id header"
    },
    "details": {
        "amount": null,
        "id": null,
        "resourceId": null,
        "validFrom": null,
        "validTo": null
    }
}
]]></system-out>
  </testcase>
  <testcase name="ChangeOffering_AddDiscount_RemoveCharge" classname="KPNAutomation.RegressionsuitePrepaid" time="1.032">
    <system-out><![CDATA[Request method:	POST
Request URI:	https://st.dbss-rm.oci-np.kpn.org/bcws/webresources/v1.0/custom/changeOffering
Proxy:			<none>
Request params:	<none>
Query params:	<none>
Form params:	<none>
Path params:	<none>
Headers:		Accept=*/*
				User-Agent=PostmanRuntime/7.43.0
				Accept-Encoding=gzip, deflate, br
				Connection=keep-alive
				Content-Type=application/json
Cookies:		<none>
Multiparts:		<none>
Body:
{
    "extension": {
        
    },
    "operation": "ADD",
    "searchCriteria": {
        "entityType": "ServiceAccount",
        "filters": {
            "accountId": "SA120894762"
        }
    },
    "product": [
        {
            "actionType": "ADD",
            "services": [
                {
                    "serviceType": "/service/telco/gsm",
                    "serviceKey": "2fa1cd6a-f46d-47ef-a5ac-89ac7cffa17f",
                    "customizedBundles": [
                        {
                            "customizedChargeOffers": [
                                {
                                    "name": "",
                                    "description": "",
                                    "quantity": 1,
                                    "status": 1,
                                    "baseChargeOfferRef": {
                                        "id": "kpn_onbeperkt_online_promotie_bundel_001"
                                    },
                                    "purchaseStart": {
                                        "startDate": ""
                                    },
                                    "purchaseEnd": {
                                        "endDate": ""
                                    },
                                    "overriddenCharges": [
                                        {
                                            "event": "1779431903"
                                        }
                                    ]
                                }
                            ]
                        }
                    ],
                    "subscriptionIndex": 0
                }
            ]
        },
        {
            "actionType": "REMOVE",
            "services": [
                {
                    "serviceType": "/service/telco/gsm",
                    "serviceKey": "kpn_alles_in_1_basis_bundel_001",
                    "customizedBundles": [
                        {
                            "customizedChargeOffers": [
                                {
                                    "quantity": 1,
                                    "overriddenCharges": [
                                        {
                                            "event": "311779431742"
                                        }
                                    ]
                                }
                            ]
                        }
                    ],
                    "subscriptionIndex": 0
                }
            ]
        }
    ]
}
HTTP/1.1 201 Created
Date: Fri, 22 May 2026 06:38:23 GMT
Content-Type: application/json
Content-Length: 89
Connection: keep-alive
Set-Cookie: nginxingresscookie=80bb09bfd59b5baa1087286d37f5d50d|6f56107e206dbfb962b8bcaf43728f23; Path=/bcws; Secure; HttpOnly
X-ORACLE-DMS-ECID: cd5aac70-9c14-4a5a-b796-5d4f02f6fa59-0000e9c3
X-ORACLE-DMS-RID: 0
Strict-Transport-Security: max-age=31536000; includeSubDomains

{
    "statusCode": "0000",
    "statusType": "Success",
    "statusDescription": "Processed Successfully"
}
]]></system-out>
  </testcase>
  <testcase name="GetBundleBalance" classname="KPNAutomation.RegressionsuitePrepaid" time="0.353">
    <system-out><![CDATA[Retrying GetBundleBalance | attempt 1
HTTP/1.1 200 OK
Date: Fri, 22 May 2026 06:38:23 GMT
Content-Type: application/json
Content-Length: 4558
Connection: keep-alive
Set-Cookie: nginxingresscookie=e00c322e4f83cca7395d41ddde00dbc9|6f56107e206dbfb962b8bcaf43728f23; Path=/bcws; Secure; HttpOnly
X-ORACLE-DMS-ECID: 6678aaa6-851c-4d4a-b261-cf531203e247-00019dc4
X-ORACLE-DMS-RID: 0
Strict-Transport-Security: max-age=31536000; includeSubDomains

{
    "status": {
        "statusCode": "0000",
        "statusType": "Success",
        "statusDescription": "Processed Successfully"
    },
    "details": {
        "serviceActivationDateTime": "2026-05-22T06:38:23",
        "balances": [
            {
                "currentBalance": -94.010004,
                "originalBalance": 0,
                "validFrom": "2026-05-22T00:00:00",
                "validTo": null,
                "resourceId": "978",
                "resourceElementId": "0",
                "resourceName": "EUR",
                "productName": "",
                "productDescr": "",
                "productInstanceId": "",
                "productCode": "",
                "serviceType": "sevice/telco/gsm",
                "units": null
            },
            {
                "currentBalance": 1,
                "originalBalance": 0,
                "validFrom": "2026-05-22T06:37:53",
                "validTo": null,
                "resourceId": "1000104",
                "resourceElementId": "16",
                "resourceName": "1000104",
                "productName": "",
                "productDescr": "",
                "productInstanceId": "",
                "productCode": "",
                "serviceType": "sevice/telco/gsm",
                "units": null
            },
            {
                "currentBalance": 50,
                "originalBalance": 0,
                "validFrom": "2026-05-22T00:00:00",
                "validTo": "2026-06-22T00:00:00",
                "resourceId": "1000107",
                "resourceElementId": "14",
                "resourceName": "1000107",
                "productName": "",
                "productDescr": "",
                "productInstanceId": "",
                "productCode": "",
                "serviceType": null,
                "units": null
            },
            {
                "currentBalance": -4.95041,
                "originalBalance": -4.95041,
                "validFrom": "2026-05-22T00:00:00",
                "validTo": "2026-05-22T06:38:23",
                "resourceId": "1000114",
                "resourceElementId": "8",
                "resourceName": "1000114",
                "productName": "Alles_in_1_Basis_bundel",
                "productDescr": "Alles-in-1 Basis bundel",
                "productInstanceId": "",
                "productCode": "kpn_alles_in_1_basis_bundel_001",
                "serviceType": null,
                "units": null
            },
            {
                "currentBalance": 0,
                "originalBalance": 0,
                "validFrom": "2026-05-22T00:00:00",
                "validTo": "2026-06-22T00:00:00",
                "resourceId": "1000114",
                "resourceElementId": "20",
                "resourceName": "1000114",
                "productName": "KPN_Onbeperkt_Online_promotie_bundel",
                "productDescr": "KPN Onbeperkt Online promotie bundel",
                "productInstanceId": "",
                "productCode": "kpn_onbeperkt_online_promotie_bundel_001",
                "serviceType": null,
                "units": null
            },
            {
                "currentBalance": -2,
                "originalBalance": -2,
                "validFrom": "2026-05-22T00:00:00",
                "validTo": "2026-05-22T06:38:23",
                "resourceId": "1000115",
                "resourceElementId": "10",
                "resourceName": "1000115",
                "productName": "Alles_in_1_Basis_bundel",
                "productDescr": "Alles-in-1 Basis bundel",
                "productInstanceId": "",
                "productCode": "kpn_alles_in_1_basis_bundel_001",
                "serviceType": null,
                "units": null
            },
            {
                "currentBalance": -1,
                "originalBalance": -1,
                "validFrom": "2026-05-22T00:00:00",
                "validTo": "2026-06-22T00:00:00",
                "resourceId": "1000115",
                "resourceElementId": "22",
                "resourceName": "1000115",
                "productName": "KPN_Onbeperkt_Online_promotie_bundel",
                "productDescr": "KPN Onbeperkt Online promotie bundel",
                "productInstanceId": "",
                "productCode": "kpn_onbeperkt_online_promotie_bundel_001",
                "serviceType": null,
                "units": null
            },
            {
                "currentBalance": -2.5,
                "originalBalance": -2.5,
                "validFrom": "2026-05-22T00:00:00",
                "validTo": "2026-06-22T00:00:00",
                "resourceId": "2000001",
                "resourceElementId": "12",
                "resourceName": "IBAL",
                "productName": "KPN_Prepaid_Initial_Balance",
                "productDescr": "KPN Prepaid Initial Balance",
                "productInstanceId": "",
                "productCode": "kpn_prepaid_initial_balance_001",
                "serviceType": "sevice/telco/gsm",
                "units": null
            },
            {
                "currentBalance": -5,
                "originalBalance": -5,
                "validFrom": "2026-05-22T00:00:00",
                "validTo": "2026-06-22T00:00:00",
                "resourceId": "2000001",
                "resourceElementId": "2",
                "resourceName": "IBAL",
                "productName": "KPN_Prepaid_Initial_Balance_5",
                "productDescr": "KPN Prepaid Initial Balance 5",
                "productInstanceId": "",
                "productCode": "kpn_prepaid_initial_balance_5_001",
                "serviceType": "sevice/telco/gsm",
                "units": null
            },
            {
                "currentBalance": -209715200,
                "originalBalance": -209715200,
                "validFrom": "2026-05-22T00:00:00",
                "validTo": "2026-05-22T06:38:23",
                "resourceId": "800000065",
                "resourceElementId": "4",
                "resourceName": "GABB",
                "productName": "Alles_in_1_Basis_bundel",
                "productDescr": "Alles-in-1 Basis bundel",
                "productInstanceId": "",
                "productCode": "kpn_alles_in_1_basis_bundel_001",
                "serviceType": "Data",
                "units": "Bytes"
            },
            {
                "currentBalance": -1800,
                "originalBalance": -1800,
                "validFrom": "2026-05-22T00:00:00",
                "validTo": "2026-05-22T06:38:23",
                "resourceId": "800000066",
                "resourceElementId": "6",
                "resourceName": "VSAB",
                "productName": "Alles_in_1_Basis_bundel",
                "productDescr": "Alles-in-1 Basis bundel",
                "productInstanceId": "",
                "productCode": "kpn_alles_in_1_basis_bundel_001",
                "serviceType": "voice,SMS",
                "units": "Seconds,Occurence"
            },
            {
                "currentBalance": -214748364800,
                "originalBalance": -214748364800,
                "validFrom": "2026-05-22T00:00:00",
                "validTo": "2026-06-22T00:00:00",
                "resourceId": "1697360617",
                "resourceElementId": "18",
                "resourceName": "GKOP",
                "productName": "KPN_Onbeperkt_Online_promotie_bundel",
                "productDescr": "KPN Onbeperkt Online promotie bundel",
                "productInstanceId": "",
                "productCode": "kpn_onbeperkt_online_promotie_bundel_001",
                "serviceType": "Data",
                "units": "Bytes"
            }
        ]
    }
}
]]></system-out>
  </testcase>
  <testcase name="GetOffering" classname="KPNAutomation.RegressionsuitePrepaid" time="0.109">
    <system-out><![CDATA[Retrying GetOffering | attempt 1
HTTP/1.1 200 OK
Date: Fri, 22 May 2026 06:38:24 GMT
Content-Type: application/json
Content-Length: 1190
Connection: keep-alive
Set-Cookie: nginxingresscookie=e00c322e4f83cca7395d41ddde00dbc9|6f56107e206dbfb962b8bcaf43728f23; Path=/bcws; Secure; HttpOnly
X-ORACLE-DMS-ECID: 6678aaa6-851c-4d4a-b261-cf531203e247-00019dc5
X-ORACLE-DMS-RID: 0
Strict-Transport-Security: max-age=31536000; includeSubDomains

{
    "status": {
        "statusCode": "0000",
        "statusType": "Success",
        "statusDescription": "Processed Successfully"
    },
    "details": {
        "products": [
            {
                "productName": "KPN_Prepaid",
                "productInstanceId": "KP1773654208844803-0001",
                "effectiveStart": "2026-05-22T00:00:00",
                "effectiveEnd": null,
                "status": "ACTIVE",
                "quantity": 1.0
            },
            {
                "productName": "KPN_Prepaid_Initial_Balance",
                "productInstanceId": "",
                "effectiveStart": "2026-05-22T00:00:00",
                "effectiveEnd": null,
                "status": "ACTIVE",
                "quantity": 1.0
            },
            {
                "productName": "KPN_Onbeperkt_Online_promotie_bundel",
                "productInstanceId": "1779431903",
                "effectiveStart": "2026-05-22T00:00:00",
                "effectiveEnd": null,
                "status": "ACTIVE",
                "quantity": 1.0
            },
            {
                "productName": "KPN_Basis_2021_Rate",
                "productInstanceId": "KP1773654208856444803-0001",
                "effectiveStart": "2026-05-22T00:00:00",
                "effectiveEnd": null,
                "status": "ACTIVE",
                "quantity": 1.0
            },
            {
                "productName": "KPN_Prepaid_Initial_Balance_5",
                "productInstanceId": "KP177364654208844803-0001",
                "effectiveStart": "2026-05-22T00:00:00",
                "effectiveEnd": null,
                "status": "ACTIVE",
                "quantity": 1.0
            },
            {
                "productName": "Alles_in_1_Basis_bundel",
                "productInstanceId": "311779431742",
                "effectiveStart": "2026-05-22T00:00:00",
                "effectiveEnd": "2026-05-22T06:38:23",
                "status": "CANCELLED",
                "quantity": 1.0
            }
        ]
    }
}
]]></system-out>
  </testcase>
  <testcase name="GetTopupHistory" classname="KPNAutomation.RegressionsuitePrepaid" time="0.431">
    <system-out><![CDATA[Request method:	GET
Request URI:	https://st.dbss-rm.oci-np.kpn.org/brm/prepayBalanceManagement/v4/topupBalance?logicalResource.value=311779431742&fields=id%2Chref%2Camount%2CpartyAccount%2Cproduct%2Creason%2Creceiver%2CreceiverPartyAccount%2CreceiverProduct%2CrelatedParty%2CrequestedDate%2Crequestor%2Cstatus%2CtransferCost%2CusageType%2CrelatedTopupBalance%2Cpayment%2CimpactedBucket%2ClogicalResource
Proxy:			<none>
Request params:	<none>
Query params:	<none>
Form params:	<none>
Path params:	<none>
Headers:		Accept=*/*
Cookies:		<none>
Multiparts:		<none>
Body:			<none>
HTTP/1.1 200 OK
Date: Fri, 22 May 2026 06:38:24 GMT
Content-Type: application/json;charset=utf-8
Content-Length: 2553
Connection: keep-alive
Set-Cookie: nginxingresscookie=f70d14c157449530a0ac07f3ca865a42|8038bf2692513c815d85f28f02a6ef15; Path=/brm; Secure; HttpOnly
Access-Control-Allow-Credentials: true
Access-Control-Allow-Headers: *
Access-Control-Allow-Methods: GET, PATCH, POST, PUT, DELETE, OPTIONS, HEAD
Access-Control-Allow-Origin: *
Strict-Transport-Security: max-age=31536000; includeSubDomains

[
    {
        "@baseType": "TopupBalance",
        "@type": "TopupBalance",
        "amount": {
            "amount": 100,
            "units": "EUR",
            "@baseType": "Quantity",
            "@schemaLocation": null,
            "@type": "Quantity"
        },
        "href": "https://st.dbss-rm.oci-np.kpn.org/brm/brm/prepayBalanceManagement/v4/topupBalance/0.0.0.1+-topup+120925337",
        "id": "0.0.0.1+-topup+120925337",
        "impactedBucket": [
            {
                "@baseType": "ImpactedBucket",
                "@schemaLocation": null,
                "@type": "ImpactedBucket",
                "amountAfter": {
                    "amount": -100,
                    "units": "EUR",
                    "@baseType": "Quantity",
                    "@schemaLocation": null,
                    "@type": "Quantity"
                },
                "amountBefore": {
                    "amount": 0,
                    "units": "EUR",
                    "@baseType": "Quantity",
                    "@schemaLocation": null,
                    "@type": "Quantity"
                },
                "bucket": {
                    "id": "0.0.0.1+-balance_group+120895658+978+0",
                    "href": "https://st.dbss-rm.oci-np.kpn.org/brm/brm/prepayBalanceManagement/v4/bucket/0.0.0.1+-balance_group+120895658+978+0",
                    "name": null,
                    "@baseType": "BucketRef",
                    "@schemaLocation": null,
                    "@type": "BucketRef",
                    "@referredType": null
                },
                "confirmationDate": null,
                "description": null,
                "item": [
                    {
                        "@baseType": "ImpactedBucketItem",
                        "@schemaLocation": null,
                        "@type": "ImpactedBucketItem",
                        "amount": {
                            "amount": 100,
                            "units": "EUR",
                            "@baseType": "Quantity",
                            "@schemaLocation": null,
                            "@type": "Quantity"
                        },
                        "description": null,
                        "itemType": null,
                        "name": null,
                        "reason": null
                    }
                ],
                "name": null,
                "requestedDate": null
            }
        ],
        "logicalResource": {
            "@baseType": "LogicalResourceRef",
            "@referredType": null,
            "@schemaLocation": null,
            "@type": "LogicalResourceRef",
            "href": null,
            "id": null,
            "name": null,
            "value": "311779431742"
        },
        "partyAccount": {
            "id": "0.0.0.1+-account+120894762",
            "href": null,
            "description": null,
            "name": "DUMMY DUMMY",
            "status": "active",
            "@baseType": "PartyAccountRef",
            "@schemaLocation": null,
            "@type": "PartyAccountRef",
            "@referredType": null
        },
        "payment": {
            "id": "0.0.0.1+-item-payment+120922265",
            "href": "https://st.dbss-rm.oci-np.kpn.org/brm/brm/payment/v4/payment/0.0.0.1+-item-payment+120922265",
            "name": "Billing Event Log",
            "amount": {
                "unit": "EUR",
                "value": 100.00
            },
            "paymentDate": "2026-05-22T06:35:59Z",
            "@baseType": "Payment",
            "@schemaLocation": null,
            "@type": "Payment",
            "@referredType": null
        },
        "product": {
            "id": "0.0.0.1+-service-telco-gsm+120894122",
            "href": null,
            "name": "ServiceTelcoGsm",
            "@baseType": "ProductRef",
            "@schemaLocation": null,
            "@type": "ProductRef",
            "@referredType": null
        },
        "reason": "",
        "relatedParty": [
            
        ],
        "relatedTopupBalance": {
            "id": null,
            "href": null,
            "name": null,
            "role": null,
            "@baseType": null,
            "@schemaLocation": null,
            "@type": null,
            "@referredType": null
        },
        "requestedDate": "2026-05-22T06:35:59Z",
        "requestor": {
            "@baseType": null,
            "@referredType": null,
            "@schemaLocation": null,
            "@type": null,
            "href": null,
            "id": null,
            "name": null,
            "role": null
        },
        "status": "CONFIRMED",
        "usageType": "monetary"
    }
]
]]></system-out>
  </testcase>
  <testcase name="GetAccountHierarchy_MSISDN" classname="KPNAutomation.RegressionsuitePrepaid" time="0.107">
    <system-out><![CDATA[Retrying GetAccountHierarchy_MSISDN | attempt 1
HTTP/1.1 200 OK
Date: Fri, 22 May 2026 06:38:24 GMT
Content-Type: application/json
Content-Length: 2696
Connection: keep-alive
Set-Cookie: nginxingresscookie=e00c322e4f83cca7395d41ddde00dbc9|6f56107e206dbfb962b8bcaf43728f23; Path=/bcws; Secure; HttpOnly
X-ORACLE-DMS-ECID: 6678aaa6-851c-4d4a-b261-cf531203e247-00019dc6
X-ORACLE-DMS-RID: 0
Strict-Transport-Security: max-age=31536000; includeSubDomains

{
    "status": {
        "statusCode": "0000",
        "statusType": "Success",
        "statusDescription": "Processed Successfully"
    },
    "details": [
        {
            "accountId": "CA120896202",
            "accountStatus": "ACTIVE",
            "services": [
                
            ],
            "contacts": [
                {
                    "firstName": "PRE-ACTIVATION ORDER",
                    "lastName": "PRE-ACTIVATION ORDER",
                    "middleName": "",
                    "salutation": "",
                    "address": "PRE-ACTIVATION ORDER",
                    "city": "PRE-ACTIVATION ORDER",
                    "company": "",
                    "emailAddress": "",
                    "state": "PRE-ACTIVATION ORDER",
                    "zip": "PRE-ACTIVATION ORDER",
                    "deleted": false,
                    "newlyCreated": false,
                    "contactType": "",
                    "country": "Netherlands",
                    "houseNumber": "",
                    "houseNumberExt": "",
                    "street": "",
                    "phonenumbers": [
                        
                    ],
                    "elem": 1
                }
            ],
            "profileDetail": {
                "@type": "CustomerAccount",
                "@type": "CustomerAccount",
                "description": null,
                "status": null,
                "expirationDate": null,
                "lifecycleStatus": null,
                "accountType": "1",
                "krnId": "0",
                "accountTag": null,
                "kpnTaxExempt": "N",
                "kpnTaxReverse": "N",
                "kpnTaxNo": "N",
                "kpnBrandId": 0,
                "kpnBrandName": "N",
                "customerType": "",
                "badDebtStatus": ""
            },
            "members": [
                {
                    "accountId": "BA120896458",
                    "accountStatus": "ACTIVE",
                    "services": [
                        
                    ],
                    "contacts": [
                        {
                            "firstName": "PRE-ACTIVATION ORDER",
                            "lastName": "PRE-ACTIVATION ORDER",
                            "middleName": "",
                            "salutation": "",
                            "address": "PRE-ACTIVATION ORDER",
                            "city": "PRE-ACTIVATION ORDER",
                            "company": "",
                            "emailAddress": "",
                            "state": "PRE-ACTIVATION ORDER",
                            "zip": "PRE-ACTIVATION ORDER",
                            "deleted": false,
                            "newlyCreated": false,
                            "contactType": "",
                            "country": "Netherlands",
                            "houseNumber": "",
                            "houseNumberExt": "",
                            "street": "",
                            "phonenumbers": [
                                
                            ],
                            "elem": 1
                        }
                    ],
                    "profileDetail": {
                        "@type": "BillingAccount",
                        "@type": "BillingAccount",
                        "description": null,
                        "status": null,
                        "expirationDate": null,
                        "lifecycleStatus": null,
                        "accountType": "2",
                        "accountTag": null,
                        "contractTerm": 1768072465,
                        "delayPayment": 1768072465,
                        "vatDisplay": "N",
                        "invoiceDelivery": null,
                        "kpnTaxExempt": "",
                        "kpnTaxReverse": "",
                        "kpnTaxNo": "",
                        "badDebtStatus": "",
                        "subscriberPreference": [
                            
                        ]
                    },
                    "members": [
                        {
                            "accountId": "SA120894762",
                            "accountStatus": "ACTIVE",
                            "services": [
                                {
                                    "lifeCycleState": "115",
                                    "serviceStateExpiration": "2027-11-23T00:00:00",
                                    "status": "ACTIVE",
                                    "aliasList": [
                                        {
                                            "name": "MSISDN1",
                                            "value": "311779431742"
                                        }
                                    ]
                                }
                            ],
                            "contacts": [
                                {
                                    "firstName": "DUMMY",
                                    "lastName": "DUMMY",
                                    "middleName": "",
                                    "salutation": "",
                                    "address": "DUMMY",
                                    "city": "Hometown",
                                    "company": "",
                                    "emailAddress": "doe@nowhere.com",
                                    "state": "TX",
                                    "zip": "55555-4444",
                                    "deleted": false,
                                    "newlyCreated": false,
                                    "contactType": "",
                                    "country": "USA",
                                    "houseNumber": "",
                                    "houseNumberExt": "",
                                    "street": "",
                                    "phonenumbers": [
                                        
                                    ],
                                    "elem": 1
                                }
                            ],
                            "profileDetail": {
                                "@type": "ServiceAccount",
                                "@type": "ServiceAccount",
                                "description": null,
                                "status": null,
                                "expirationDate": null,
                                "lifecycleStatus": null,
                                "accountType": "3",
                                "accountTag": null,
                                "isPermanent": null,
                                "service": null,
                                "profile": {
                                    "subscriberPreference": [
                                        {
                                            "name": "BRAND_ID",
                                            "value": "201",
                                            "subscriberPreferenceId": "6"
                                        }
                                    ]
                                }
                            },
                            "members": [
                                
                            ]
                        }
                    ]
                }
            ]
        }
    ]
}
]]></system-out>
  </testcase>
  <testcase name="BadPinCounter" classname="KPNAutomation.RegressionsuitePrepaid" time="8.638">
    <system-out><![CDATA[Request method:	POST
Request URI:	https://st.dbss-rm.oci-np.kpn.org/brm/extn/prepayBalanceManagement/v4/badPin
Proxy:			<none>
Request params:	<none>
Query params:	<none>
Form params:	<none>
Path params:	<none>
Headers:		Accept=*/*
				User-Agent=PostmanRuntime/7.43.0
				Accept-Encoding=gzip, deflate, br
				Connection=keep-alive
				Cookie=nginxingresscookie=0d70706d807ed83bd5d726961a21d4b0|8038bf2692513c815d85f28f02a6ef15
				Content-Type=application/json
Cookies:		<none>
Multiparts:		<none>
Body:
{
    "requestDetails": {
        "description": "BadPinCounter",
        "logicalResource": {
            "id": "311779431742",
            "name": "MSISDN1"
        }
    }
}
]]></system-out>
  </testcase>
  <testcase name="GetKpnPay" classname="KPNAutomation.RegressionsuitePrepaid" time="16.321">
    <failure message="Usage type mismatch in response! Expected KPN_PAY but found: KPN_REFUND expected [KPN_PAY] but found [KPN_REFUND]" type="java.lang.AssertionError"><![CDATA[java.lang.AssertionError: Usage type mismatch in response! Expected KPN_PAY but found: KPN_REFUND expected [KPN_PAY] but found [KPN_REFUND]
	at org.testng.Assert.fail(Assert.java:111)
	at org.testng.Assert.failNotEquals(Assert.java:1578)
	at org.testng.Assert.assertEqualsImpl(Assert.java:150)
	at org.testng.Assert.assertEquals(Assert.java:132)
	at org.testng.Assert.assertEquals(Assert.java:656)
	at KPNAutomation.RegressionsuitePrepaid.GetKpnPay(RegressionsuitePrepaid.java:2042)
	at java.base/jdk.internal.reflect.DirectMethodHandleAccessor.invoke(DirectMethodHandleAccessor.java:103)
	at java.base/java.lang.reflect.Method.invoke(Method.java:580)
	at org.testng.internal.invokers.MethodInvocationHelper.invokeMethod(MethodInvocationHelper.java:139)
	at org.testng.internal.invokers.TestInvoker.invokeMethod(TestInvoker.java:664)
	at org.testng.internal.invokers.TestInvoker.invokeTestMethod(TestInvoker.java:228)
	at org.testng.internal.invokers.MethodRunner.runInSequence(MethodRunner.java:63)
	at org.testng.internal.invokers.TestInvoker$MethodInvocationAgent.invoke(TestInvoker.java:961)
	at org.testng.internal.invokers.TestInvoker.invokeTestMethods(TestInvoker.java:201)
	at org.testng.internal.invokers.TestMethodWorker.invokeTestMethods(TestMethodWorker.java:148)
	at org.testng.internal.invokers.TestMethodWorker.run(TestMethodWorker.java:128)
	at java.base/java.util.ArrayList.forEach(ArrayList.java:1596)
	at org.testng.TestRunner.privateRun(TestRunner.java:819)
	at org.testng.TestRunner.run(TestRunner.java:619)
	at org.testng.SuiteRunner.runTest(SuiteRunner.java:443)
	at org.testng.SuiteRunner.runSequentially(SuiteRunner.java:437)
	at org.testng.SuiteRunner.privateRun(SuiteRunner.java:397)
	at org.testng.SuiteRunner.run(SuiteRunner.java:336)
	at org.testng.SuiteRunnerWorker.runSuite(SuiteRunnerWorker.java:52)
	at org.testng.SuiteRunnerWorker.run(SuiteRunnerWorker.java:95)
	at org.testng.TestNG.runSuitesSequentially(TestNG.java:1301)
	at org.testng.TestNG.runSuitesLocally(TestNG.java:1228)
	at org.testng.TestNG.runSuites(TestNG.java:1134)
	at org.testng.TestNG.run(TestNG.java:1101)
	at org.apache.maven.surefire.testng.TestNGExecutor.run(TestNGExecutor.java:308)
	at org.apache.maven.surefire.testng.TestNGXmlTestSuite.execute(TestNGXmlTestSuite.java:71)
	at org.apache.maven.surefire.testng.TestNGProvider.invoke(TestNGProvider.java:113)
	at org.apache.maven.surefire.booter.ForkedBooter.runSuitesInProcess(ForkedBooter.java:385)
	at org.apache.maven.surefire.booter.ForkedBooter.execute(ForkedBooter.java:162)
	at org.apache.maven.surefire.booter.ForkedBooter.run(ForkedBooter.java:507)
	at org.apache.maven.surefire.booter.ForkedBooter.main(ForkedBooter.java:495)
]]></failure>
    <system-out><![CDATA[----- SENDING GET KPN PAY REQUEST -----
MSISDN: 311779431742
Start Date: 2026-05-21T06:38:48.455692400Z
End Date: 2026-05-23T06:38:48.455692400Z
Retrying GetKpnPay | attempt 1
----- GET KPN PAY RESPONSE START -----
[
    {
        "id": "362311071705752068",
        "href": "",
        "description": "Refund for Transaction_PP011225_1",
        "usageDate": "2026-05-22T06:38:12",
        "usageType": "KPN_REFUND",
        "ratedProductUsage": [
            {
                "isBilled": null,
                "isTaxExempt": null,
                "offerTariffType": null,
                "ratingAmountType": null,
                "ratingDate": null,
                "taxRate": null,
                "usageRatingTag": null,
                "bucketValueConvertedInAmount": null,
                "productRef": {
                    "id": "Apple",
                    "href": null,
                    "name": null,
                    "@baseType": null,
                    "@schemaLocation": null,
                    "@type": null,
                    "@referredType": null
                },
                "taxExcludedRatingAmount": null,
                "taxIncludedRatingAmount": {
                    "id": null,
                    "href": null,
                    "unit": "EUR",
                    "value": -1.0,
                    "@baseType": null,
                    "@schemaLocation": null,
                    "@type": null
                },
                "@baseType": null,
                "@schemaLocation": null,
                "@type": null
            }
        ],
        "relatedParty": [
            
        ],
        "status": "",
        "usageCharacteristic": [
            {
                "name": "requestId",
                "value": "88888",
                "id": null,
                "valueType": null,
                "characteristicRelationship": [
                    
                ],
                "@baseType": null,
                "@schemaLocation": null,
                "@type": null
            },
            {
                "name": "X-Interaction-Id",
                "value": "adae54645v",
                "id": null,
                "valueType": null,
                "characteristicRelationship": [
                    
                ],
                "@baseType": null,
                "@schemaLocation": null,
                "@type": null
            },
            {
                "name": "dbssTransactionId",
                "value": "361273132651709351",
                "id": null,
                "valueType": null,
                "characteristicRelationship": [
                    
                ],
                "@baseType": null,
                "@schemaLocation": null,
                "@type": null
            },
            {
                "name": "relatedRequestId",
                "value": "77777",
                "id": null,
                "valueType": null,
                "characteristicRelationship": [
                    
                ],
                "@baseType": null,
                "@schemaLocation": null,
                "@type": null
            },
            {
                "name": "amount",
                "value": "-1",
                "id": null,
                "valueType": null,
                "characteristicRelationship": [
                    
                ],
                "@baseType": null,
                "@schemaLocation": null,
                "@type": null
            }
        ],
        "usageSpecification": {
            "id": null,
            "href": null,
            "name": null,
            "@baseType": null,
            "@schemaLocation": null,
            "@type": null,
            "@referredType": null
        },
        "@baseType": "",
        "@schemaLocation": "",
        "@type": ""
    },
    {
        "id": "362311071705692222",
        "href": "",
        "description": "Transaction_PP011225_1",
        "usageDate": "2026-05-22T06:37:53",
        "usageType": "KPN_PAY",
        "ratedProductUsage": [
            {
                "isBilled": null,
                "isTaxExempt": null,
                "offerTariffType": null,
                "ratingAmountType": null,
                "ratingDate": null,
                "taxRate": null,
                "usageRatingTag": null,
                "bucketValueConvertedInAmount": null,
                "productRef": {
                    "id": "Google",
                    "href": null,
                    "name": null,
                    "@baseType": null,
                    "@schemaLocation": null,
                    "@type": null,
                    "@referredType": null
                },
                "taxExcludedRatingAmount": null,
                "taxIncludedRatingAmount": {
                    "id": null,
                    "href": null,
                    "unit": "EUR",
                    "value": 2.0,
                    "@baseType": null,
                    "@schemaLocation": null,
                    "@type": null
                },
                "@baseType": null,
                "@schemaLocation": null,
                "@type": null
            }
        ],
        "relatedParty": [
            
        ],
        "status": "",
        "usageCharacteristic": [
            {
                "name": "requestId",
                "value": "77777",
                "id": null,
                "valueType": null,
                "characteristicRelationship": [
                    
                ],
                "@baseType": null,
                "@schemaLocation": null,
                "@type": null
            },
            {
                "name": "X-Interaction-Id",
                "value": "a4536gdghd",
                "id": null,
                "valueType": null,
                "characteristicRelationship": [
                    
                ],
                "@baseType": null,
                "@schemaLocation": null,
                "@type": null
            },
            {
                "name": "dbssTransactionId",
                "value": "",
                "id": null,
                "valueType": null,
                "characteristicRelationship": [
                    
                ],
                "@baseType": null,
                "@schemaLocation": null,
                "@type": null
            },
            {
                "name": "amount",
                "value": "2",
                "id": null,
                "valueType": null,
                "characteristicRelationship": [
                    
                ],
                "@baseType": null,
                "@schemaLocation": null,
                "@type": null
            }
        ],
        "usageSpecification": {
            "id": null,
            "href": null,
            "name": null,
            "@baseType": null,
            "@schemaLocation": null,
            "@type": null,
            "@referredType": null
        },
        "@baseType": "",
        "@schemaLocation": "",
        "@type": ""
    }
]
----- GET KPN PAY RESPONSE END -----
]]></system-out>
  </testcase>
  <testcase name="coinnumberaddition" classname="KPNAutomation.RegressionsuitePrepaid" time="15.643">
    <system-out><![CDATA[----- SENDING ACTIVATE COIN REQUEST FOR: 991944789 -----
Retrying ActivateCoin | attempt 1
----- ACTIVATE COIN RESPONSE START -----
{
    "statusCode": "0000",
    "statusType": "Success",
    "statusDescription": "Processed Successfully"
}
----- ACTIVATE COIN RESPONSE END -----
]]></system-out>
  </testcase>
  <testcase name="GetPrepaidAccount_MSISDN" classname="KPNAutomation.RegressionsuitePrepaid" time="15.122">
    <system-out><![CDATA[----- SENDING GET PREPAID ACCOUNT REQUEST FOR: 311779431742 -----
Retrying GetPrepaidAccount_MSISDN | attempt 1
HTTP/1.1 200 OK
Date: Fri, 22 May 2026 06:39:20 GMT
Content-Type: application/json
Content-Length: 685
Connection: keep-alive
Set-Cookie: nginxingresscookie=e00c322e4f83cca7395d41ddde00dbc9|6f56107e206dbfb962b8bcaf43728f23; Path=/bcws; Secure; HttpOnly
X-ORACLE-DMS-ECID: 6678aaa6-851c-4d4a-b261-cf531203e247-00019dde
X-ORACLE-DMS-RID: 0
Strict-Transport-Security: max-age=31536000; includeSubDomains

{
    "creditBalance": {
        "credit": -7.5,
        "creditReference": "",
        "lastUpdateDateTime": null,
        "vatIndicator": false,
        "badTopupAttempts": 4,
        "lastTopupValue": 100.0,
        "lastTopupDateTime": "2026-05-22T06:35:59",
        "isBlockedForTopup": false
    },
    "commercialOffer": {
        "name": "KPN_Prepaid"
    },
    "tariffPlanList": null,
    "services": {
        "aliasList": [
            {
                "name": "MSISDN1",
                "value": "311779431742"
            }
        ]
    },
    "profile": {
        "subscriberPreference": [
            {
                "name": "BRAND_ID",
                "value": "201",
                "subscriberPreferenceId": null
            }
        ]
    },
    "creationDateTime": "2026-05-22T06:35:45",
    "status": "Idle",
    "effectiveDate": null,
    "expirationDate": "2027-11-23T00:00:00",
    "inactiveEndDate": null,
    "firstCallPerformed": false,
    "isBlocked": false,
    "subscriberId": "SA120894762",
    "initialCreditVoice": 0.0
}
]]></system-out>
  </testcase>
  <testcase name="GetProfileInfo" classname="KPNAutomation.RegressionsuitePrepaid" time="15.155">
    <system-out><![CDATA[----- SENDING GET PROFILE INFO REQUEST FOR: SA120894762 -----
Retrying GetProfileInfo | attempt 1
HTTP/1.1 200 OK
Date: Fri, 22 May 2026 06:39:35 GMT
Content-Type: application/json
Content-Length: 1762
Connection: keep-alive
Set-Cookie: nginxingresscookie=e00c322e4f83cca7395d41ddde00dbc9|6f56107e206dbfb962b8bcaf43728f23; Path=/bcws; Secure; HttpOnly
X-ORACLE-DMS-ECID: 6678aaa6-851c-4d4a-b261-cf531203e247-00019de5
X-ORACLE-DMS-RID: 0
Strict-Transport-Security: max-age=31536000; includeSubDomains

{
    "status": {
        "statusCode": "0000",
        "statusType": "Success",
        "statusDescription": "Processed Successfully"
    },
    "details": {
        "serviceProfile": [
            {
                "name": "NOTIFICATION_CHANNEL",
                "value": "SMS",
                "subscriberPreferenceId": "1"
            },
            {
                "name": "NOTIFICATION_LANGUAGE",
                "value": "Dutch",
                "subscriberPreferenceId": "2"
            },
            {
                "name": "NOTIFICATION_MSISDN",
                "value": "45345345",
                "subscriberPreferenceId": "3"
            },
            {
                "name": "NOTIFICATION_EMAIL",
                "value": "test@gmail.com",
                "subscriberPreferenceId": "4"
            },
            {
                "name": "KPN_PAY",
                "value": "Y",
                "subscriberPreferenceId": "5"
            },
            {
                "name": "BRAND_ID",
                "value": "201",
                "subscriberPreferenceId": "6"
            },
            {
                "name": "KPNPAY_CAP",
                "value": "500",
                "subscriberPreferenceId": "7"
            },
            {
                "name": "ROAMING_CAP",
                "value": "50",
                "subscriberPreferenceId": "8"
            },
            {
                "name": "SILENTHOUR_START",
                "value": "9AM",
                "subscriberPreferenceId": "9"
            },
            {
                "name": "SILENTHOUR_END",
                "value": "9PM",
                "subscriberPreferenceId": "10"
            },
            {
                "name": "THRESHOLD_BREACH_EVENT",
                "value": "Y",
                "subscriberPreferenceId": "11"
            },
            {
                "name": "ROAMING_THRESHOLD_BREACH_EVENT",
                "value": "Y",
                "subscriberPreferenceId": "12"
            },
            {
                "name": "KPN_THRESHOLD_BREACH_EVENT",
                "value": "Y",
                "subscriberPreferenceId": "13"
            },
            {
                "name": "KPN_PAY_MICROSOFT",
                "value": "Y",
                "subscriberPreferenceId": "14"
            },
            {
                "name": "KPN_PAY_APPLE",
                "value": "Y",
                "subscriberPreferenceId": "15"
            },
            {
                "name": "KPN_PAY_GOOGLE",
                "value": "Y",
                "subscriberPreferenceId": "16"
            },
            {
                "name": "KPN_PAY_FLITSMEISTER",
                "value": "Y",
                "subscriberPreferenceId": "17"
            },
            {
                "name": "KPN_PAY_BOKU",
                "value": "Y",
                "subscriberPreferenceId": "18"
            },
            {
                "name": "KPN_PAY_EBILL_MOBI",
                "value": "Y",
                "subscriberPreferenceId": "19"
            },
            {
                "name": "KPN_PAY_MONDIA_PAY",
                "value": "Y",
                "subscriberPreferenceId": "20"
            },
            {
                "name": "KPN_PAY_NTH_MOBILE",
                "value": "Y",
                "subscriberPreferenceId": "21"
            },
            {
                "name": "KPN_EARLIEST_ACTIVATION_T",
                "value": "",
                "subscriberPreferenceId": "22"
            }
        ],
        "customerProfile": [
            
        ],
        "billingProfile": [
            
        ]
    }
}
----- GET PROFILE INFO RESPONSE START -----
{"status":{"statusCode":"0000","statusType":"Success","statusDescription":"Processed Successfully"},"details":{"serviceProfile":[{"name":"NOTIFICATION_CHANNEL","value":"SMS","subscriberPreferenceId":"1"},{"name":"NOTIFICATION_LANGUAGE","value":"Dutch","subscriberPreferenceId":"2"},{"name":"NOTIFICATION_MSISDN","value":"45345345","subscriberPreferenceId":"3"},{"name":"NOTIFICATION_EMAIL","value":"test@gmail.com","subscriberPreferenceId":"4"},{"name":"KPN_PAY","value":"Y","subscriberPreferenceId":"5"},{"name":"BRAND_ID","value":"201","subscriberPreferenceId":"6"},{"name":"KPNPAY_CAP","value":"500","subscriberPreferenceId":"7"},{"name":"ROAMING_CAP","value":"50","subscriberPreferenceId":"8"},{"name":"SILENTHOUR_START","value":"9AM","subscriberPreferenceId":"9"},{"name":"SILENTHOUR_END","value":"9PM","subscriberPreferenceId":"10"},{"name":"THRESHOLD_BREACH_EVENT","value":"Y","subscriberPreferenceId":"11"},{"name":"ROAMING_THRESHOLD_BREACH_EVENT","value":"Y","subscriberPreferenceId":"12"},{"name":"KPN_THRESHOLD_BREACH_EVENT","value":"Y","subscriberPreferenceId":"13"},{"name":"KPN_PAY_MICROSOFT","value":"Y","subscriberPreferenceId":"14"},{"name":"KPN_PAY_APPLE","value":"Y","subscriberPreferenceId":"15"},{"name":"KPN_PAY_GOOGLE","value":"Y","subscriberPreferenceId":"16"},{"name":"KPN_PAY_FLITSMEISTER","value":"Y","subscriberPreferenceId":"17"},{"name":"KPN_PAY_BOKU","value":"Y","subscriberPreferenceId":"18"},{"name":"KPN_PAY_EBILL_MOBI","value":"Y","subscriberPreferenceId":"19"},{"name":"KPN_PAY_MONDIA_PAY","value":"Y","subscriberPreferenceId":"20"},{"name":"KPN_PAY_NTH_MOBILE","value":"Y","subscriberPreferenceId":"21"},{"name":"KPN_EARLIEST_ACTIVATION_T","value":"","subscriberPreferenceId":"22"}],"customerProfile":[],"billingProfile":[]}}
----- GET PROFILE INFO RESPONSE END -----
]]></system-out>
  </testcase>
  <testcase name="GetUsagecdr" classname="KPNAutomation.RegressionsuitePrepaid" time="35.603">
    <failure message="API failed after retries -&gt; GetUsagecdr" type="java.lang.AssertionError"><![CDATA[java.lang.AssertionError: API failed after retries -> GetUsagecdr
	at org.testng.Assert.fail(Assert.java:99)
	at KPNAutomation.ApiRetry.run(ApiRetry.java:40)
	at KPNAutomation.ApiRetry.run(ApiRetry.java:15)
	at KPNAutomation.RegressionsuitePrepaid.GetUsagecdr(RegressionsuitePrepaid.java:2278)
	at java.base/jdk.internal.reflect.DirectMethodHandleAccessor.invoke(DirectMethodHandleAccessor.java:103)
	at java.base/java.lang.reflect.Method.invoke(Method.java:580)
	at org.testng.internal.invokers.MethodInvocationHelper.invokeMethod(MethodInvocationHelper.java:139)
	at org.testng.internal.invokers.TestInvoker.invokeMethod(TestInvoker.java:664)
	at org.testng.internal.invokers.TestInvoker.invokeTestMethod(TestInvoker.java:228)
	at org.testng.internal.invokers.MethodRunner.runInSequence(MethodRunner.java:63)
	at org.testng.internal.invokers.TestInvoker$MethodInvocationAgent.invoke(TestInvoker.java:961)
	at org.testng.internal.invokers.TestInvoker.invokeTestMethods(TestInvoker.java:201)
	at org.testng.internal.invokers.TestMethodWorker.invokeTestMethods(TestMethodWorker.java:148)
	at org.testng.internal.invokers.TestMethodWorker.run(TestMethodWorker.java:128)
	at java.base/java.util.ArrayList.forEach(ArrayList.java:1596)
	at org.testng.TestRunner.privateRun(TestRunner.java:819)
	at org.testng.TestRunner.run(TestRunner.java:619)
	at org.testng.SuiteRunner.runTest(SuiteRunner.java:443)
	at org.testng.SuiteRunner.runSequentially(SuiteRunner.java:437)
	at org.testng.SuiteRunner.privateRun(SuiteRunner.java:397)
	at org.testng.SuiteRunner.run(SuiteRunner.java:336)
	at org.testng.SuiteRunnerWorker.runSuite(SuiteRunnerWorker.java:52)
	at org.testng.SuiteRunnerWorker.run(SuiteRunnerWorker.java:95)
	at org.testng.TestNG.runSuitesSequentially(TestNG.java:1301)
	at org.testng.TestNG.runSuitesLocally(TestNG.java:1228)
	at org.testng.TestNG.runSuites(TestNG.java:1134)
	at org.testng.TestNG.run(TestNG.java:1101)
	at org.apache.maven.surefire.testng.TestNGExecutor.run(TestNGExecutor.java:308)
	at org.apache.maven.surefire.testng.TestNGXmlTestSuite.execute(TestNGXmlTestSuite.java:71)
	at org.apache.maven.surefire.testng.TestNGProvider.invoke(TestNGProvider.java:113)
	at org.apache.maven.surefire.booter.ForkedBooter.runSuitesInProcess(ForkedBooter.java:385)
	at org.apache.maven.surefire.booter.ForkedBooter.execute(ForkedBooter.java:162)
	at org.apache.maven.surefire.booter.ForkedBooter.run(ForkedBooter.java:507)
	at org.apache.maven.surefire.booter.ForkedBooter.main(ForkedBooter.java:495)
Caused by: java.lang.AssertionError: 1 expectation failed.
Expected status code <200> but was <400>.

	at java.base/jdk.internal.reflect.DirectConstructorHandleAccessor.newInstance(DirectConstructorHandleAccessor.java:62)
	at java.base/java.lang.reflect.Constructor.newInstanceWithCaller(Constructor.java:502)
	at java.base/java.lang.reflect.Constructor.newInstance(Constructor.java:486)
	at org.codehaus.groovy.reflection.CachedConstructor.invoke(CachedConstructor.java:73)
	at org.codehaus.groovy.runtime.callsite.ConstructorSite$ConstructorSiteNoUnwrapNoCoerce.callConstructor(ConstructorSite.java:108)
	at org.codehaus.groovy.runtime.callsite.AbstractCallSite.callConstructor(AbstractCallSite.java:277)
	at io.restassured.internal.ResponseSpecificationImpl$HamcrestAssertionClosure.validate(ResponseSpecificationImpl.groovy:512)
	at io.restassured.internal.ResponseSpecificationImpl$HamcrestAssertionClosure$validate$1.call(Unknown Source)
	at io.restassured.internal.ResponseSpecificationImpl.validateResponseIfRequired(ResponseSpecificationImpl.groovy:696)
	at io.restassured.internal.ResponseSpecificationImpl.this$2$validateResponseIfRequired(ResponseSpecificationImpl.groovy)
	at java.base/jdk.internal.reflect.DirectMethodHandleAccessor.invoke(DirectMethodHandleAccessor.java:103)
	at java.base/java.lang.reflect.Method.invoke(Method.java:580)
	at org.codehaus.groovy.runtime.callsite.PlainObjectMetaMethodSite.doInvoke(PlainObjectMetaMethodSite.java:43)
	at org.codehaus.groovy.runtime.callsite.PogoMetaMethodSite$PogoCachedMethodSiteNoUnwrapNoCoerce.invoke(PogoMetaMethodSite.java:198)
	at org.codehaus.groovy.runtime.callsite.PogoMetaMethodSite.callCurrent(PogoMetaMethodSite.java:62)
	at org.codehaus.groovy.runtime.callsite.AbstractCallSite.callCurrent(AbstractCallSite.java:185)
	at io.restassured.internal.ResponseSpecificationImpl.statusCode(ResponseSpecificationImpl.groovy:135)
	at io.restassured.specification.ResponseSpecification$statusCode$0.callCurrent(Unknown Source)
	at io.restassured.internal.ResponseSpecificationImpl.statusCode(ResponseSpecificationImpl.groovy:143)
	at io.restassured.internal.ValidatableResponseOptionsImpl.statusCode(ValidatableResponseOptionsImpl.java:89)
	at KPNAutomation.RegressionsuitePrepaid.lambda$GetUsagecdr$15(RegressionsuitePrepaid.java:2291)
	at KPNAutomation.ApiRetry.run(ApiRetry.java:28)
	... 32 more
]]></failure>
    <system-out><![CDATA[----- SENDING GET USAGE REQUEST -----
MSISDN: 311779431742
Start Date (Yesterday): 2026-05-21T06:39:55.747923500Z
End Date (Tomorrow): 2026-05-23T06:39:55.747923500Z
Retrying GetUsagecdr | attempt 1
HTTP/1.1 400 Bad Request
Date: Fri, 22 May 2026 06:39:55 GMT
Content-Type: application/json
Content-Length: 145
Connection: keep-alive
Set-Cookie: nginxingresscookie=f70d14c157449530a0ac07f3ca865a42|8038bf2692513c815d85f28f02a6ef15; Path=/brm; Secure; HttpOnly
Access-Control-Allow-Credentials: true
Access-Control-Allow-Headers: *
Access-Control-Allow-Methods: GET, PATCH, POST, PUT, DELETE, OPTIONS, HEAD
Access-Control-Allow-Origin: *
Strict-Transport-Security: max-age=31536000; includeSubDomains

{
    "code": "E418",
    "reason": "",
    "message": "No Data Found",
    "status": "400",
    "referenceError": "",
    "@baseType": "Error",
    "@schemaLocation": "",
    "@type": "Error"
}
All retries GetUsagecdr failed: 1 expectation failed.
Expected status code <200> but was <400>.

Retrying GetUsagecdr | attempt 2
HTTP/1.1 400 Bad Request
Date: Fri, 22 May 2026 06:40:00 GMT
Content-Type: application/json
Content-Length: 145
Connection: keep-alive
Set-Cookie: nginxingresscookie=f70d14c157449530a0ac07f3ca865a42|8038bf2692513c815d85f28f02a6ef15; Path=/brm; Secure; HttpOnly
Access-Control-Allow-Credentials: true
Access-Control-Allow-Headers: *
Access-Control-Allow-Methods: GET, PATCH, POST, PUT, DELETE, OPTIONS, HEAD
Access-Control-Allow-Origin: *
Strict-Transport-Security: max-age=31536000; includeSubDomains

{
    "code": "E418",
    "reason": "",
    "message": "No Data Found",
    "status": "400",
    "referenceError": "",
    "@baseType": "Error",
    "@schemaLocation": "",
    "@type": "Error"
}
All retries GetUsagecdr failed: 1 expectation failed.
Expected status code <200> but was <400>.

Retrying GetUsagecdr | attempt 3
HTTP/1.1 400 Bad Request
Date: Fri, 22 May 2026 06:40:06 GMT
Content-Type: application/json
Content-Length: 145
Connection: keep-alive
Set-Cookie: nginxingresscookie=f70d14c157449530a0ac07f3ca865a42|8038bf2692513c815d85f28f02a6ef15; Path=/brm; Secure; HttpOnly
Access-Control-Allow-Credentials: true
Access-Control-Allow-Headers: *
Access-Control-Allow-Methods: GET, PATCH, POST, PUT, DELETE, OPTIONS, HEAD
Access-Control-Allow-Origin: *
Strict-Transport-Security: max-age=31536000; includeSubDomains

{
    "code": "E418",
    "reason": "",
    "message": "No Data Found",
    "status": "400",
    "referenceError": "",
    "@baseType": "Error",
    "@schemaLocation": "",
    "@type": "Error"
}
All retries GetUsagecdr failed: 1 expectation failed.
Expected status code <200> but was <400>.

]]></system-out>
  </testcase>
  <testcase name="GetBillingAccount" classname="KPNAutomation.RegressionsuitePrepaid" time="15.141">
    <system-out><![CDATA[----- SENDING GET BILLING ACCOUNT REQUEST FOR: BA120896458 -----
Retrying GetBillingAccount | attempt 1
----- GET BILLING ACCOUNT RESPONSE START -----
{
    "status": {
        "statusCode": "0000",
        "statusType": "Success",
        "statusDescription": "Processed Successfully"
    },
    "details": [
        {
            "accountId": "BA120896458",
            "accountStatus": "ACTIVE",
            "services": [
                
            ],
            "contacts": [
                {
                    "firstName": "PRE-ACTIVATION ORDER",
                    "lastName": "PRE-ACTIVATION ORDER",
                    "middleName": "",
                    "salutation": "",
                    "address": "PRE-ACTIVATION ORDER",
                    "city": "PRE-ACTIVATION ORDER",
                    "company": "",
                    "emailAddress": "",
                    "state": "PRE-ACTIVATION ORDER",
                    "zip": "PRE-ACTIVATION ORDER",
                    "deleted": false,
                    "newlyCreated": false,
                    "contactType": "",
                    "country": "Netherlands",
                    "houseNumber": "",
                    "houseNumberExt": "",
                    "street": "",
                    "phonenumbers": [
                        
                    ],
                    "elem": 1
                }
            ],
            "profileDetail": {
                "@type": "BillingAccount",
                "@type": "BillingAccount",
                "description": null,
                "status": null,
                "expirationDate": null,
                "lifecycleStatus": null,
                "accountType": "2",
                "accountTag": null,
                "contractTerm": 1768072465,
                "delayPayment": 1768072465,
                "vatDisplay": "N",
                "invoiceDelivery": null,
                "kpnTaxExempt": "",
                "kpnTaxReverse": "",
                "kpnTaxNo": "",
                "badDebtStatus": "",
                "subscriberPreference": [
                    
                ]
            },
            "members": [
                {
                    "accountId": "SA120894762",
                    "accountStatus": "ACTIVE",
                    "services": [
                        {
                            "lifeCycleState": "115",
                            "serviceStateExpiration": "2027-11-23T00:00:00",
                            "status": "ACTIVE",
                            "aliasList": [
                                {
                                    "name": "MSISDN1",
                                    "value": "311779431742"
                                }
                            ]
                        }
                    ],
                    "contacts": [
                        {
                            "firstName": "DUMMY",
                            "lastName": "DUMMY",
                            "middleName": "",
                            "salutation": "",
                            "address": "DUMMY",
                            "city": "Hometown",
                            "company": "",
                            "emailAddress": "doe@nowhere.com",
                            "state": "TX",
                            "zip": "55555-4444",
                            "deleted": false,
                            "newlyCreated": false,
                            "contactType": "",
                            "country": "USA",
                            "houseNumber": "",
                            "houseNumberExt": "",
                            "street": "",
                            "phonenumbers": [
                                
                            ],
                            "elem": 1
                        }
                    ],
                    "profileDetail": {
                        "@type": "ServiceAccount",
                        "@type": "ServiceAccount",
                        "description": null,
                        "status": null,
                        "expirationDate": null,
                        "lifecycleStatus": null,
                        "accountType": "3",
                        "accountTag": null,
                        "isPermanent": null,
                        "service": null,
                        "profile": {
                            "subscriberPreference": [
                                {
                                    "name": "BRAND_ID",
                                    "value": "201",
                                    "subscriberPreferenceId": "6"
                                }
                            ]
                        }
                    },
                    "members": [
                        
                    ]
                }
            ]
        }
    ]
}
----- GET BILLING ACCOUNT RESPONSE END -----
]]></system-out>
  </testcase>
  <testcase name="ChangeAddressCustomer" classname="KPNAutomation.RegressionsuitePrepaid" time="36.95">
    <system-out><![CDATA[----- SENDING CHANGE ADDRESS REQUEST FOR: CA120896202 -----
Retrying ChangeAddressCustomer | attempt 1
HTTP/1.1 200 OK
Date: Fri, 22 May 2026 06:40:42 GMT
Content-Type: application/json
Content-Length: 89
Connection: keep-alive
Set-Cookie: nginxingresscookie=e00c322e4f83cca7395d41ddde00dbc9|6f56107e206dbfb962b8bcaf43728f23; Path=/bcws; Secure; HttpOnly
X-ORACLE-DMS-ECID: 6678aaa6-851c-4d4a-b261-cf531203e247-00019e00
X-ORACLE-DMS-RID: 0
Strict-Transport-Security: max-age=31536000; includeSubDomains

{
    "statusCode": "0000",
    "statusType": "Success",
    "statusDescription": "Processed Successfully"
}
Before Country: Netherlands
After Country: Germany
Before Company: null
After Company: Oracle
]]></system-out>
  </testcase>
  <testcase name="UpdateServiceStatus" classname="KPNAutomation.RegressionsuitePrepaid" time="35.651">
    <system-out><![CDATA[----- SENDING UPDATE STATUS REQUEST FOR SA: SA120894762 WITH KEY: service-id1779431742 -----
Retrying UpdateStatus | attempt 1
----- UPDATE STATUS RESPONSE START -----
{
    "statusCode": "0000",
    "statusType": "Success",
    "statusDescription": "Processed Successfully"
}
----- UPDATE STATUS RESPONSE END -----
Before Lifecycle State: 115
After Lifecycle State: 116
]]></system-out>
  </testcase>
  <testcase name="UpdateAccountStatus" classname="KPNAutomation.RegressionsuitePrepaid" time="35.899">
    <system-out><![CDATA[----- SENDING UPDATE STATUS REQUEST FOR SA: SA120894762 -----
Retrying UpdateAccountStatus | attempt 1
----- UPDATE STATUS RESPONSE START -----
{
    "statusCode": "0000",
    "statusType": "Success",
    "statusDescription": "Processed Successfully"
}
----- UPDATE STATUS RESPONSE END -----
Before Account Status: 10100
After Account Status: 10102
]]></system-out>
  </testcase>
</testsuite>