<?xml version="1.0" encoding="UTF-8"?>
<!-- Generated by org.testng.reporters.JUnitReportReporter -->
<testsuite hostname="avd-prd-vms-188" failures="0" tests="16" name="KPNAutomation.Regressionsuite_Prepaid" time="0.110" errors="1" timestamp="2026-04-10T14:39:17 IST" skipped="15">
  <testcase classname="KPNAutomation.Regressionsuite_Prepaid" name="CreateAccount" time="0.108">
    <error message="Unresolved compilation problems: 
	OracleDB cannot be resolved to a type
	OracleDB cannot be resolved to a type
" type="java.lang.Error">
      <![CDATA[java.lang.Error: Unresolved compilation problems: 
OracleDB cannot be resolved to a type
OracleDB cannot be resolved to a type

at KPNAutomation.Regressionsuite_Prepaid.CreateAccount(Regressionsuite_Prepaid.java:109)
at java.base/jdk.internal.reflect.DirectMethodHandleAccessor.invoke(DirectMethodHandleAccessor.java:103)
at java.base/java.lang.reflect.Method.invoke(Method.java:580)
at org.testng.internal.invokers.MethodInvocationHelper.invokeMethod(MethodInvocationHelper.java:141)
at org.testng.internal.invokers.TestInvoker.invokeMethod(TestInvoker.java:687)
at org.testng.internal.invokers.TestInvoker.invokeTestMethod(TestInvoker.java:230)
at org.testng.internal.invokers.MethodRunner.runInSequence(MethodRunner.java:63)
at org.testng.internal.invokers.TestInvoker$MethodInvocationAgent.invoke(TestInvoker.java:995)
at org.testng.internal.invokers.TestInvoker.invokeTestMethods(TestInvoker.java:203)
at org.testng.internal.invokers.TestMethodWorker.invokeTestMethods(TestMethodWorker.java:154)
at org.testng.internal.invokers.TestMethodWorker.run(TestMethodWorker.java:134)
at java.base/java.util.ArrayList.forEach(ArrayList.java:1596)
at org.testng.TestRunner.privateRun(TestRunner.java:741)
at org.testng.TestRunner.run(TestRunner.java:616)
at org.testng.SuiteRunner.runTest(SuiteRunner.java:421)
at org.testng.SuiteRunner.runSequentially(SuiteRunner.java:413)
at org.testng.SuiteRunner.privateRun(SuiteRunner.java:373)
at org.testng.SuiteRunner.run(SuiteRunner.java:312)
at org.testng.SuiteRunnerWorker.runSuite(SuiteRunnerWorker.java:52)
at org.testng.SuiteRunnerWorker.run(SuiteRunnerWorker.java:95)
at org.testng.TestNG.runSuitesSequentially(TestNG.java:1274)
at org.testng.TestNG.runSuitesLocally(TestNG.java:1208)
at org.testng.TestNG.runSuites(TestNG.java:1112)
at org.testng.TestNG.run(TestNG.java:1079)
at org.testng.remote.AbstractRemoteTestNG.run(AbstractRemoteTestNG.java:115)
at org.testng.remote.RemoteTestNG.initAndRun(RemoteTestNG.java:293)
at org.testng.remote.RemoteTestNG.main(RemoteTestNG.java:91)
]]>
    </error>
  </testcase> <!-- CreateAccount -->
  <testcase classname="KPNAutomation.Regressionsuite_Prepaid" name="TopupBalance" time="0.000">
    <skipped/>
  </testcase> <!-- TopupBalance -->
  <testcase classname="KPNAutomation.Regressionsuite_Prepaid" name="AddOffering" time="0.000">
    <skipped/>
  </testcase> <!-- AddOffering -->
  <testcase classname="KPNAutomation.Regressionsuite_Prepaid" name="SimSwap_ChangeServiceAttribute" time="0.000">
    <skipped/>
  </testcase> <!-- SimSwap_ChangeServiceAttribute -->
  <testcase classname="KPNAutomation.Regressionsuite_Prepaid" name="AdjustAccount" time="0.000">
    <skipped/>
  </testcase> <!-- AdjustAccount -->
  <testcase classname="KPNAutomation.Regressionsuite_Prepaid" name="UpdateProfile" time="0.000">
    <skipped/>
  </testcase> <!-- UpdateProfile -->
  <testcase classname="KPNAutomation.Regressionsuite_Prepaid" name="ChangeCreditLimit" time="0.001">
    <skipped/>
  </testcase> <!-- ChangeCreditLimit -->
  <testcase classname="KPNAutomation.Regressionsuite_Prepaid" name="BalanceTransfer" time="0.000">
    <skipped/>
  </testcase> <!-- BalanceTransfer -->
  <testcase classname="KPNAutomation.Regressionsuite_Prepaid" name="KPN_PAY_CREATE" time="0.001">
    <skipped/>
  </testcase> <!-- KPN_PAY_CREATE -->
  <testcase classname="KPNAutomation.Regressionsuite_Prepaid" name="KPN_PAY_REFUND" time="0.000">
    <skipped/>
  </testcase> <!-- KPN_PAY_REFUND -->
  <testcase classname="KPNAutomation.Regressionsuite_Prepaid" name="ChangeOffering_AddDiscount_RemoveCharge" time="0.000">
    <skipped/>
  </testcase> <!-- ChangeOffering_AddDiscount_RemoveCharge -->
  <testcase classname="KPNAutomation.Regressionsuite_Prepaid" name="GetBundleBalance" time="0.000">
    <skipped/>
  </testcase> <!-- GetBundleBalance -->
  <testcase classname="KPNAutomation.Regressionsuite_Prepaid" name="GetOffering" time="0.000">
    <skipped/>
  </testcase> <!-- GetOffering -->
  <testcase classname="KPNAutomation.Regressionsuite_Prepaid" name="GetTopupHistory" time="0.000">
    <skipped/>
  </testcase> <!-- GetTopupHistory -->
  <testcase classname="KPNAutomation.Regressionsuite_Prepaid" name="GetAccountHierarchy_MSISDN" time="0.000">
    <skipped/>
  </testcase> <!-- GetAccountHierarchy_MSISDN -->
  <testcase classname="KPNAutomation.Regressionsuite_Prepaid" name="BadPinCounter" time="0.000">
    <skipped/>
  </testcase> <!-- BadPinCounter -->
</testsuite> <!-- KPNAutomation.Regressionsuite_Prepaid -->
